Jan 02, 2023 14:26:32.189 [0xffff8a53fb08] INFO - Plex Tuner Service v1.30.0.6486-629d58034 - Docker Docker Container (LinuxServer.io) aarch64 - build: 
Jan 02, 2023 14:26:32.190 [0xffff8a53fb08] INFO - Linux version: 5.15.49-linuxkit (#1 SMP PREEMPT Tue Sep 13 07:51:32 UTC 2022), language: en-US
Jan 02, 2023 14:26:32.190 [0xffff8a53fb08] INFO - Processor Unknown architecture
Jan 02, 2023 14:26:32.191 [0xffff8a53fb08] INFO - /usr/lib/plexmediaserver/Plex Tuner Service /usr/lib/plexmediaserver/Resources/Tuner/Private /usr/lib/plexmediaserver/Resources/Tuner/Shared 1.30.0.6486-629d58034 32600
Jan 02, 2023 14:26:32.167 [0xffff8c318890] INFO - [I] broker_t::start...
Jan 02, 2023 14:26:32.173 [0xffff8c318890] INFO - [I] device_manager_t::init.
Jan 02, 2023 14:26:32.173 [0xffff8c318890] INFO - [I] device_manager_t::init. Initialize provider manager
Jan 02, 2023 14:26:32.173 [0xffff8c318890] INFO - [I] device_manager_t::init. Initialize all device auxes
Jan 02, 2023 14:26:32.173 [0xffff8c318890] INFO - [I] dvb_device_factory_t::get_aux_list
Jan 02, 2023 14:26:32.173 [0xffff8c318890] INFO - [I] tvbutler_aux_t::init
Jan 02, 2023 14:26:32.174 [0xffff8c318890] INFO - [I] web_server_t::start. Starting web server on port 32600
Jan 02, 2023 14:26:40.979 [0xffff89ff7b08] INFO - [I] web_service_t::process_device_discovery
Jan 02, 2023 14:26:40.979 [0xffff89ff7b08] INFO - [I] device_reactor_t::get_device_list ()
Jan 02, 2023 14:34:05.408 [0xffff89ff7b08] INFO - [I] SAT2IP - discover_satip_servers(): no servers found
Jan 02, 2023 14:34:05.835 [0xffff89ff7b08] INFO - [I] v4l::DeviceGetList_impl. getting v4l device list
Jan 02, 2023 14:34:05.837 [0xffff89ff7b08] INFO - [I] onetv_factory::DeviceGetListEx >>
Jan 02, 2023 14:34:05.837 [0xffff89ff7b08] WARN - [W] onetv_factory::DeviceGetListEx. libusb_init returned an error -99
Jan 02, 2023 14:38:23.655 [0xffff8c318890] INFO - Received SIGINT: Interrupt from keyboard.
Jan 02, 2023 14:38:23.689 [0xffff8c318890] INFO - [I] device_manager_t::term
Jan 02, 2023 14:38:23.689 [0xffff8c318890] INFO - [I] device_manager_t::term. Stop all devices
Jan 02, 2023 14:38:23.689 [0xffff8c318890] INFO - [I] device_manager_t::term. Shut down all device auxes
Jan 02, 2023 14:38:23.689 [0xffff8c318890] INFO - [I] tvbutler_aux_t::term
